  [1m[36m (0.9ms)[0m  [1mCREATE TABLE "schema_migrations" ("version" varchar NOT NULL) [0m
  [1m[35m (0.1ms)[0m  select sqlite_version(*)
  [1m[36m (0.9ms)[0m  [1mCREATE UNIQUE INDEX "unique_schema_migrations" ON "schema_migrations" ("version")[0m
  [1m[35mActiveRecord::SchemaMigration Load (0.1ms)[0m  SELECT "schema_migrations".* FROM "schema_migrations"
Migrating to CreateAccounts (20111219135632)
  [1m[36m (0.1ms)[0m  [1mbegin transaction[0m
DEPRECATION WARNING: `#timestamp` was called without specifying an option for `null`. In Rails 5, this behavior will change to `null: false`. You should manually specify `null: true` to prevent the behavior of your existing migrations from changing. (called from block in up at /Users/klisha/rp/insales_app/db/migrate/20111219135632_create_accounts.rb:7)
  [1m[35m (0.3ms)[0m  CREATE TABLE "accounts" ("id" INTEGER PRIMARY KEY AUTOINCREMENT NOT NULL, "insales_subdomain" text NOT NULL, "password" text NOT NULL, "insales_id" integer NOT NULL, "created_at" datetime, "updated_at" datetime) 
  [1m[36m (0.8ms)[0m  [1mCREATE UNIQUE INDEX "index_accounts_on_insales_subdomain" ON "accounts" ("insales_subdomain")[0m
  [1m[35mSQL (0.2ms)[0m  INSERT INTO "schema_migrations" ("version") VALUES (?)  [["version", "20111219135632"]]
  [1m[36m (1.0ms)[0m  [1mcommit transaction[0m
  [1m[35mActiveRecord::SchemaMigration Load (0.1ms)[0m  SELECT "schema_migrations".* FROM "schema_migrations"
  [1m[36m (0.1ms)[0m  [1m            SELECT sql
            FROM sqlite_master
            WHERE name='index_accounts_on_insales_subdomain' AND type='index'
            UNION ALL
            SELECT sql
            FROM sqlite_temp_master
            WHERE name='index_accounts_on_insales_subdomain' AND type='index'
[0m


Started GET "/" for ::1 at 2016-02-08 22:38:17 +0300
Processing by MainController#index as HTML
  [1m[36mAccount Load (1.6ms)[0m  [1mSELECT  "accounts".* FROM "accounts" WHERE "accounts"."insales_subdomain" IS NULL LIMIT 1[0m
Redirected to http://localhost:3000/login
Filter chain halted as :authentication rendered or redirected
Completed 302 Found in 74ms (ActiveRecord: 1.7ms)


Started GET "/" for ::1 at 2016-02-08 22:38:18 +0300
Processing by MainController#index as HTML
  [1m[35mAccount Load (0.2ms)[0m  SELECT  "accounts".* FROM "accounts" WHERE "accounts"."insales_subdomain" IS NULL LIMIT 1
Redirected to http://localhost:3000/login
Filter chain halted as :authentication rendered or redirected
Completed 302 Found in 2ms (ActiveRecord: 0.2ms)


Started GET "/login" for ::1 at 2016-02-08 22:38:18 +0300
Processing by SessionsController#new as HTML
  Rendered sessions/new.html.haml within layouts/login (5.3ms)
Completed 200 OK in 226ms (Views: 225.8ms | ActiveRecord: 0.0ms)


Started GET "/assets/login.self.css?body=1" for ::1 at 2016-02-08 22:38:18 +0300


Started GET "/assets/favicon.ico" for ::1 at 2016-02-08 22:38:18 +0300


Started POST "/session" for ::1 at 2016-02-08 22:39:07 +0300
Processing by SessionsController#create as HTML
  Parameters: {"utf8"=>"✓", "authenticity_token"=>"xEzryjfeIX7tF0hv7//anX4lEaYcqpXQ4hODZBus3crbn+NkqMOBwdxQl6ztj0rQWujCLIWnDWl4F1ZYGtFfwQ==", "shop"=>"busation.myinsales.ru", "commit"=>"Войти"}
  [1m[36mAccount Load (0.5ms)[0m  [1mSELECT  "accounts".* FROM "accounts" WHERE "accounts"."insales_subdomain" = ? LIMIT 1[0m  [["insales_subdomain", "busation.myinsales.ru"]]
  Rendered sessions/new.html.haml within layouts/login (0.7ms)
Completed 200 OK in 7ms (Views: 4.7ms | ActiveRecord: 0.5ms)


Started GET "/assets/login.self.css?body=1" for ::1 at 2016-02-08 22:39:07 +0300


Started GET "/assets/error.png" for ::1 at 2016-02-08 22:39:07 +0300


Started POST "/session" for ::1 at 2016-02-08 22:39:13 +0300
Processing by SessionsController#create as HTML
  Parameters: {"utf8"=>"✓", "authenticity_token"=>"V1EXgFqGiTtFTd2zc86D5rEbpcLOi9KdP4XlZnw9/kNIgh8uxZsphHQKAnBxvhOrldZ2SFeGSiSlgTBafUB8SA==", "shop"=>"busation.myinsales.ru", "commit"=>"Войти"}
  [1m[35mAccount Load (0.1ms)[0m  SELECT  "accounts".* FROM "accounts" WHERE "accounts"."insales_subdomain" = ? LIMIT 1  [["insales_subdomain", "busation.myinsales.ru"]]
  Rendered sessions/new.html.haml within layouts/login (0.6ms)
Completed 200 OK in 4ms (Views: 3.5ms | ActiveRecord: 0.1ms)


Started GET "/assets/login.self.css?body=1" for ::1 at 2016-02-08 22:39:13 +0300


Started GET "/assets/error.png" for ::1 at 2016-02-08 22:39:13 +0300


Started GET "/" for ::1 at 2016-02-09 23:05:31 +0300
Processing by MainController#index as HTML
  [1m[36mAccount Load (1.3ms)[0m  [1mSELECT  "accounts".* FROM "accounts" WHERE "accounts"."insales_subdomain" IS NULL LIMIT 1[0m
Redirected to http://localhost:3000/login
Filter chain halted as :authentication rendered or redirected
Completed 302 Found in 64ms (ActiveRecord: 1.5ms)


Started GET "/" for ::1 at 2016-02-09 23:05:31 +0300
Processing by MainController#index as HTML
  [1m[35mAccount Load (0.2ms)[0m  SELECT  "accounts".* FROM "accounts" WHERE "accounts"."insales_subdomain" IS NULL LIMIT 1
Redirected to http://localhost:3000/login
Filter chain halted as :authentication rendered or redirected
Completed 302 Found in 2ms (ActiveRecord: 0.2ms)


Started GET "/login" for ::1 at 2016-02-09 23:05:31 +0300
Processing by SessionsController#new as HTML
  Rendered sessions/new.html.haml within layouts/login (5.0ms)
Completed 200 OK in 217ms (Views: 217.0ms | ActiveRecord: 0.0ms)


Started GET "/assets/login.self.css?body=1" for ::1 at 2016-02-09 23:05:32 +0300
